app/build/intermediates/manifest_merge_blame_file/debug/manifest-merger-blame-debug-report.txt
1<?xml version="1.0" encoding="utf-8"?>
2<manifest xmlns:android="http://schemas.android.com/apk/res/android"
3    package="com.jsz.contactsapp"
4    android:versionCode="1"
5    android:versionName="1.0" >
6
7    <uses-sdk
8        android:minSdkVersion="22"
8-->src/main/AndroidManifest.xml
9        android:targetSdkVersion="30" />
9-->src/main/AndroidManifest.xml
10
11    <uses-permission android:name="android.permission.ACCESS_NETWORK_STATE" />
11-->src/main/AndroidManifest.xml:6:5-79
11-->src/main/AndroidManifest.xml:6:22-76
12    <uses-permission android:name="android.permission.INTERNET" />
12-->src/main/AndroidManifest.xml:7:5-67
12-->src/main/AndroidManifest.xml:7:22-64
13
14    <application
14-->src/main/AndroidManifest.xml:9:5-33:19
15        android:name="com.jsz.contactsapp.App"
15-->src/main/AndroidManifest.xml:10:9-28
16        android:appComponentFactory="androidx.core.app.CoreComponentFactory"
16-->[androidx.core:core:1.5.0] AndroidManifest.xml:24:18-86
17        android:debuggable="true"
18        android:icon="@mipmap/ic_launcher"
18-->src/main/AndroidManifest.xml:11:9-43
19        android:label="@string/app_name"
19-->src/main/AndroidManifest.xml:12:9-41
20        android:roundIcon="@mipmap/ic_launcher_round"
20-->src/main/AndroidManifest.xml:13:9-54
21        android:supportsRtl="true"
21-->src/main/AndroidManifest.xml:14:9-35
22        android:testOnly="true"
23        android:theme="@style/AppTheme" >
23-->src/main/AndroidManifest.xml:15:9-40
24        <activity
24-->src/main/AndroidManifest.xml:18:9-27:20
25            android:name="com.jsz.contactsapp.feature.main.MainActivity"
25-->src/main/AndroidManifest.xml:19:13-73
26            android:exported="true" >
26-->src/main/AndroidManifest.xml:20:13-36
27            <intent-filter>
27-->src/main/AndroidManifest.xml:22:13-25:29
28                <action android:name="android.intent.action.MAIN" />
28-->src/main/AndroidManifest.xml:23:17-69
28-->src/main/AndroidManifest.xml:23:25-66
29
30                <category android:name="android.intent.category.LAUNCHER" />
30-->src/main/AndroidManifest.xml:24:17-77
30-->src/main/AndroidManifest.xml:24:27-74
31            </intent-filter>
32        </activity>
33        <activity
33-->src/main/AndroidManifest.xml:29:9-31:59
34            android:name="com.jsz.contactsapp.feature.details.UserDetailsActivity"
34-->src/main/AndroidManifest.xml:30:13-83
35            android:theme="@style/AppTheme.Transparent" />
35-->src/main/AndroidManifest.xml:31:13-56
36
37        <service
37-->[androidx.room:room-runtime:2.3.0] AndroidManifest.xml:25:9-28:40
38            android:name="androidx.room.MultiInstanceInvalidationService"
38-->[androidx.room:room-runtime:2.3.0] AndroidManifest.xml:26:13-74
39            android:directBootAware="true"
39-->[androidx.room:room-runtime:2.3.0] AndroidManifest.xml:27:13-43
40            android:exported="false" />
40-->[androidx.room:room-runtime:2.3.0] AndroidManifest.xml:28:13-37
41
42        <provider
42-->[androidx.lifecycle:lifecycle-process:2.2.0] AndroidManifest.xml:25:9-29:43
43            android:name="androidx.lifecycle.ProcessLifecycleOwnerInitializer"
43-->[androidx.lifecycle:lifecycle-process:2.2.0] AndroidManifest.xml:26:13-79
44            android:authorities="com.jsz.contactsapp.lifecycle-process"
44-->[androidx.lifecycle:lifecycle-process:2.2.0] AndroidManifest.xml:27:13-69
45            android:exported="false"
45-->[androidx.lifecycle:lifecycle-process:2.2.0] AndroidManifest.xml:28:13-37
46            android:multiprocess="true" />
46-->[androidx.lifecycle:lifecycle-process:2.2.0] AndroidManifest.xml:29:13-40
47    </application>
48
49</manifest>